[0m16:43:33.209254 [debug] [MainThread]: Sending event: {'category': 'dbt', 'action': 'invocation', 'label': 'start', 'context': [<snowplow_tracker.self_describing_json.SelfDescribingJson object at 0x000002272021BE10>, <snowplow_tracker.self_describing_json.SelfDescribingJson object at 0x000002271F44A3D0>, <snowplow_tracker.self_describing_json.SelfDescribingJson object at 0x000002271FDADD90>]}


============================== 16:43:33.216740 | ef6c29bb-1276-4303-8d95-5786c1790400 ==============================
[0m16:43:33.216740 [info ] [MainThread]: Running with dbt=1.6.6
[0m16:43:33.216740 [debug] [MainThread]: running dbt with arguments {'printer_width': '80', 'indirect_selection': 'eager', 'write_json': 'True', 'log_cache_events': 'False', 'partial_parse': 'True', 'cache_selected_only': 'False', 'warn_error': 'None', 'fail_fast': 'False', 'profiles_dir': 'C:\\Users\\rohan\\.dbt', 'log_path': 'logs', 'debug': 'False', 'version_check': 'True', 'use_colors': 'True', 'use_experimental_parser': 'False', 'no_print': 'None', 'quiet': 'False', 'warn_error_options': 'WarnErrorOptions(include=[], exclude=[])', 'invocation_command': 'dbt init', 'log_format': 'default', 'static_parser': 'True', 'target_path': 'None', 'introspect': 'True', 'send_anonymous_usage_stats': 'True'}
[0m16:43:33.216740 [warn ] [MainThread]: [ConfigFolderDirectory]: Unable to parse dict {'dir': WindowsPath('C:/Users/rohan/.dbt')}
[0m16:43:33.216740 [info ] [MainThread]: Creating dbt configuration folder at 
[0m16:44:56.328394 [debug] [MainThread]: Starter project path: c:\Users\rohan\Documents\UTS\Sem 2\Big Data\Labs\dbt-dev\.venv\Lib\site-packages\dbt\include\starter_project
[0m16:44:56.376655 [info ] [MainThread]: 
Your new dbt project "bde_lab6" was created!

For more information on how to configure the profiles.yml file,
please consult the dbt documentation here:

  https://docs.getdbt.com/docs/configure-your-profile

One more thing:

Need help? Don't hesitate to reach out to us via GitHub issues or on Slack:

  https://community.getdbt.com/

Happy modeling!

[0m16:44:56.386897 [info ] [MainThread]: Setting up your profile.
[0m16:45:02.054444 [info ] [MainThread]: Profile bde_lab6 written to C:\Users\rohan\.dbt\profiles.yml using target's sample configuration. Once updated, you'll be able to start developing with dbt.
[0m16:45:02.054444 [debug] [MainThread]: Command `dbt init` succeeded at 16:45:02.054444 after 88.87 seconds
[0m16:45:02.054444 [debug] [MainThread]: Sending event: {'category': 'dbt', 'action': 'invocation', 'label': 'end', 'context': [<snowplow_tracker.self_describing_json.SelfDescribingJson object at 0x000002271F9981D0>, <snowplow_tracker.self_describing_json.SelfDescribingJson object at 0x00000227194AC450>, <snowplow_tracker.self_describing_json.SelfDescribingJson object at 0x000002271FD3BE10>]}
[0m16:45:02.062348 [debug] [MainThread]: Flushing usage events
